Build started 8/16/2014 1:08:40 PM.
     1>Project "C:\Users\ChunYiu\dev\vc-projects\RagEngine\RagEngine\RagEngine.vcxproj" on node 2 (Build target(s)).
     1>ClCompile:
         C:\Program Files (x86)\Microsoft Visual Studio 12.0\VC\bin\CL.exe /c /I"C:\Users\ChunYiu\dev\vc-projects\RagEngine\RagEngine\libs\vs\boost\include" /I"C:\Users\ChunYiu\dev\vc-projects\RagEngine\RagEngine\libs\vs\claw\include" /I"C:\Users\ChunYiu\dev\vc-projects\RagEngine\RagEngine\libs\vs\lua\include" /I"C:\Users\ChunYiu\dev\vc-projects\RagEngine\RagEngine\libs\vs\armadillo\include" /I"C:\Users\ChunYiu\dev\vc-projects\RagEngine\RagEngine\libs\vs\SDL2-2.0.3\include" /ZI /nologo /W3 /WX- /sdl /Od /Oy- /D WIN32 /D _DEBUG /D _LIB /D _UNICODE /D UNICODE /Gm /EHsc /RTC1 /MDd /GS /fp:precise /Zc:wchar_t /Zc:forScope /Yu"stdafx.h" /Fp"Debug\RagEngine.pch" /Fo"Debug\\" /Fd"Debug\vc120.pdb" /Gd /TP /analyze- /errorReport:prompt Page_LuaTest.cpp
         Page_LuaTest.cpp
       Lib:
         C:\Program Files (x86)\Microsoft Visual Studio 12.0\VC\bin\Lib.exe /OUT:"C:\Users\ChunYiu\dev\vc-projects\RagEngine\Debug\RagEngine.lib" /NOLOGO Debug\DisplayObject.obj
         Debug\DisplayObjectContainer.obj
         Debug\Entity.obj
         Debug\Event.obj
         Debug\EventDispatcher.obj
         Debug\EventListener.obj
         Debug\GameWorld.obj
         Debug\GUI_Button.obj
         Debug\GUI_Sprite.obj
         Debug\Kernal.obj
         Debug\MouseEvent.obj
         Debug\Object.obj
         Debug\Page.obj
         Debug\Page_Default.obj
         Debug\Page_Editor.obj
         Debug\Page_LuaTest.obj
         Debug\Page_Test.obj
         Debug\Page_UITest.obj
         Debug\Stage.obj
         Debug\stdafx.obj
         Debug\Vector2D.obj
         RagEngine.vcxproj -> C:\Users\ChunYiu\dev\vc-projects\RagEngine\Debug\RagEngine.lib
     1>Done Building Project "C:\Users\ChunYiu\dev\vc-projects\RagEngine\RagEngine\RagEngine.vcxproj" (Build target(s)).

Build succeeded.

Time Elapsed 00:00:01.06
